<?xml version="1.0" encoding="UTF-8"?>
<!-- Generated by org.testng.reporters.JUnitXMLReporter -->
<testsuite ignored="0" hostname="DESKTOP-7NDNMKO" failures="1" tests="5" name="Default test" time="155.464" errors="0" timestamp="2026-06-16T15:06:51 IST">
  <testcase classname="io.cucumber.testng.AbstractTestNGCucumberTests" name="runScenario" time="80.78"/>
  <testcase classname="io.cucumber.testng.AbstractTestNGCucumberTests" name="runScenario" time="8.513">
    <failure type="io.cucumber.testng.UndefinedStepException" message="The step &amp;apos;user enter invalid firstname  lastname&amp;apos; and 1 other step(s) are undefined.
You can implement these steps using the snippet(s) below:

@When(&amp;quot;user enter invalid firstname  lastname&amp;quot;)
public void user_enter_invalid_firstname_lastname() {
    // Write code here that turns the phrase above into concrete actions
    throw new io.cucumber.java.PendingException();
}
@Then(&amp;quot;Employee should not be added successfully&amp;quot;)
public void employee_should_not_be_added_successfully() {
    // Write code here that turns the phrase above into concrete actions
    throw new io.cucumber.java.PendingException();
}
">
      <![CDATA[io.cucumber.testng.UndefinedStepException: The step 'user enter invalid firstname  lastname' and 1 other step(s) are undefined.
You can implement these steps using the snippet(s) below:

@When("user enter invalid firstname  lastname")
public void user_enter_invalid_firstname_lastname() {
    // Write code here that turns the phrase above into concrete actions
    throw new io.cucumber.java.PendingException();
}
@Then("Employee should not be added successfully")
public void employee_should_not_be_added_successfully() {
    // Write code here that turns the phrase above into concrete actions
    throw new io.cucumber.java.PendingException();
}

at ✽.user enter invalid firstname  lastname(file:///C:/Users/Admin/eclipse-workspace/OrangeBDD/./src/test/resources/features/AddEmployee.feature:20)
]]>
    </failure>
  </testcase> <!-- runScenario -->
  <testcase classname="io.cucumber.testng.AbstractTestNGCucumberTests" name="runScenario" time="23.441"/>
  <testcase classname="io.cucumber.testng.AbstractTestNGCucumberTests" name="runScenario" time="13.684"/>
  <testcase classname="io.cucumber.testng.AbstractTestNGCucumberTests" name="runScenario" time="28.142"/>
</testsuite> <!-- Default test -->
