<?xml version="1.0" encoding="UTF-8"?>
<testng-results ignored="0" total="5" passed="4" failed="1" skipped="0">
  <reporter-output>
  </reporter-output>
  <suite started-at="2026-06-16T15:04:15 IST" name="Default suite" finished-at="2026-06-16T15:06:51 IST" duration-ms="155464">
    <groups>
      <group name="cucumber">
        <method signature="AbstractTestNGCucumberTests.runScenario(io.cucumber.testng.PickleWrapper,io.cucumber.testng.FeatureWrapper)[pri:0, instance:execution.CompleteExecutionRunner@22fcf7ab]" name="runScenario" class="io.cucumber.testng.AbstractTestNGCucumberTests"/>
      </group> <!-- cucumber -->
    </groups>
    <test started-at="2026-06-16T15:04:15 IST" name="Default test" finished-at="2026-06-16T15:06:51 IST" duration-ms="155464">
      <class name="execution.CompleteExecutionRunner">
        <test-method is-config="true" signature="setUpClass(org.testng.ITestContext)[pri:0, instance:execution.CompleteExecutionRunner@22fcf7ab]" started-at="2026-06-16T15:04:15 IST" name="setUpClass" finished-at="2026-06-16T15:04:16 IST" duration-ms="733" status="PASS">
          <params>
            <param index="0">
              <value>
                <![CDATA[org.testng.TestRunner@23444a36]]>
              </value>
            </param>
          </params>
          <reporter-output>
          </reporter-output>
        </test-method> <!-- setUpClass -->
        <test-method signature="runScenario(io.cucumber.testng.PickleWrapper,io.cucumber.testng.FeatureWrapper)[pri:0, instance:execution.CompleteExecutionRunner@22fcf7ab]" started-at="2026-06-16T15:04:16 IST" name="runScenario" description="Runs Cucumber Scenarios" data-provider="scenarios" finished-at="2026-06-16T15:05:37 IST" duration-ms="80780" status="PASS">
          <params>
            <param index="0">
              <value>
                <![CDATA[""]]>
              </value>
            </param>
            <param index="1">
              <value>
                <![CDATA["Add Employee"]]>
              </value>
            </param>
          </params>
          <reporter-output>
          </reporter-output>
        </test-method> <!-- runScenario -->
        <test-method signature="runScenario(io.cucumber.testng.PickleWrapper,io.cucumber.testng.FeatureWrapper)[pri:0, instance:execution.CompleteExecutionRunner@22fcf7ab]" started-at="2026-06-16T15:05:37 IST" name="runScenario" description="Runs Cucumber Scenarios" data-provider="scenarios" finished-at="2026-06-16T15:05:45 IST" duration-ms="8513" status="FAIL">
          <params>
            <param index="0">
              <value>
                <![CDATA[""]]>
              </value>
            </param>
            <param index="1">
              <value>
                <![CDATA["Add Employee"]]>
              </value>
            </param>
          </params>
          <exception class="io.cucumber.testng.UndefinedStepException">
            <message>
              <![CDATA[The step 'user enter invalid firstname  lastname' and 1 other step(s) are undefined.
You can implement these steps using the snippet(s) below:

@When("user enter invalid firstname  lastname")
public void user_enter_invalid_firstname_lastname() {
    // Write code here that turns the phrase above into concrete actions
    throw new io.cucumber.java.PendingException();
}
@Then("Employee should not be added successfully")
public void employee_should_not_be_added_successfully() {
    // Write code here that turns the phrase above into concrete actions
    throw new io.cucumber.java.PendingException();
}
]]>
            </message>
            <full-stacktrace>
              <![CDATA[io.cucumber.testng.UndefinedStepException: The step 'user enter invalid firstname  lastname' and 1 other step(s) are undefined.
You can implement these steps using the snippet(s) below:

@When("user enter invalid firstname  lastname")
public void user_enter_invalid_firstname_lastname() {
    // Write code here that turns the phrase above into concrete actions
    throw new io.cucumber.java.PendingException();
}
@Then("Employee should not be added successfully")
public void employee_should_not_be_added_successfully() {
    // Write code here that turns the phrase above into concrete actions
    throw new io.cucumber.java.PendingException();
}

at ✽.user enter invalid firstname  lastname(file:///C:/Users/Admin/eclipse-workspace/OrangeBDD/./src/test/resources/features/AddEmployee.feature:20)
]]>
            </full-stacktrace>
          </exception> <!-- io.cucumber.testng.UndefinedStepException -->
          <reporter-output>
          </reporter-output>
        </test-method> <!-- runScenario -->
        <test-method signature="runScenario(io.cucumber.testng.PickleWrapper,io.cucumber.testng.FeatureWrapper)[pri:0, instance:execution.CompleteExecutionRunner@22fcf7ab]" started-at="2026-06-16T15:05:45 IST" name="runScenario" description="Runs Cucumber Scenarios" data-provider="scenarios" finished-at="2026-06-16T15:06:09 IST" duration-ms="23441" status="PASS">
          <params>
            <param index="0">
              <value>
                <![CDATA["Add multiple employees"]]>
              </value>
            </param>
            <param index="1">
              <value>
                <![CDATA["Add Employee"]]>
              </value>
            </param>
          </params>
          <reporter-output>
          </reporter-output>
        </test-method> <!-- runScenario -->
        <test-method signature="runScenario(io.cucumber.testng.PickleWrapper,io.cucumber.testng.FeatureWrapper)[pri:0, instance:execution.CompleteExecutionRunner@22fcf7ab]" started-at="2026-06-16T15:06:09 IST" name="runScenario" description="Runs Cucumber Scenarios" data-provider="scenarios" finished-at="2026-06-16T15:06:22 IST" duration-ms="13684" status="PASS">
          <params>
            <param index="0">
              <value>
                <![CDATA["add employee using excel"]]>
              </value>
            </param>
            <param index="1">
              <value>
                <![CDATA["eadd employee"]]>
              </value>
            </param>
          </params>
          <reporter-output>
          </reporter-output>
        </test-method> <!-- runScenario -->
        <test-method signature="runScenario(io.cucumber.testng.PickleWrapper,io.cucumber.testng.FeatureWrapper)[pri:0, instance:execution.CompleteExecutionRunner@22fcf7ab]" started-at="2026-06-16T15:06:22 IST" name="runScenario" description="Runs Cucumber Scenarios" data-provider="scenarios" finished-at="2026-06-16T15:06:50 IST" duration-ms="28142" status="PASS">
          <params>
            <param index="0">
              <value>
                <![CDATA["add employee using excel"]]>
              </value>
            </param>
            <param index="1">
              <value>
                <![CDATA["eadd employee"]]>
              </value>
            </param>
          </params>
          <reporter-output>
          </reporter-output>
        </test-method> <!-- runScenario -->
        <test-method is-config="true" signature="tearDownClass()[pri:0, instance:execution.CompleteExecutionRunner@22fcf7ab]" started-at="2026-06-16T15:06:50 IST" name="tearDownClass" finished-at="2026-06-16T15:06:51 IST" duration-ms="108" status="PASS">
          <reporter-output>
          </reporter-output>
        </test-method> <!-- tearDownClass -->
      </class> <!-- execution.CompleteExecutionRunner -->
    </test> <!-- Default test -->
  </suite> <!-- Default suite -->
</testng-results>
