<?xml version="1.0" encoding="UTF-8"?>
<!-- Generated by org.testng.reporters.JUnitReportReporter -->
<testsuite hostname="DESKTOP-7NDNMKO" failures="0" tests="5" name="execution.CompleteExecutionRunner" time="154.560" errors="1" timestamp="2026-06-16T15:06:51 IST" skipped="0">
  <testcase classname="execution.CompleteExecutionRunner" name="runScenario" time="80.780"/>
  <testcase classname="execution.CompleteExecutionRunner" name="runScenario" time="28.142"/>
  <testcase classname="execution.CompleteExecutionRunner" name="runScenario" time="13.684"/>
  <testcase classname="execution.CompleteExecutionRunner" name="runScenario" time="8.513">
    <error message="The step &#039;user enter invalid firstname  lastname&#039; and 1 other step(s) are undefined.
You can implement these steps using the snippet(s) below:

@When(&quot;user enter invalid firstname  lastname&quot;)
public void user_enter_invalid_firstname_lastname() {
    // Write code here that turns the phrase above into concrete actions
    throw new io.cucumber.java.PendingException();
}
@Then(&quot;Employee should not be added successfully&quot;)
public void employee_should_not_be_added_successfully() {
    // Write code here that turns the phrase above into concrete actions
    throw new io.cucumber.java.PendingException();
}
" type="io.cucumber.testng.UndefinedStepException">
      <![CDATA[io.cucumber.testng.UndefinedStepException: The step 'user enter invalid firstname  lastname' and 1 other step(s) are undefined.
You can implement these steps using the snippet(s) below:

@When("user enter invalid firstname  lastname")
public void user_enter_invalid_firstname_lastname() {
    // Write code here that turns the phrase above into concrete actions
    throw new io.cucumber.java.PendingException();
}
@Then("Employee should not be added successfully")
public void employee_should_not_be_added_successfully() {
    // Write code here that turns the phrase above into concrete actions
    throw new io.cucumber.java.PendingException();
}

at ✽.user enter invalid firstname  lastname(file:///C:/Users/Admin/eclipse-workspace/OrangeBDD/./src/test/resources/features/AddEmployee.feature:20)
]]>
    </error>
  </testcase> <!-- runScenario -->
  <testcase classname="execution.CompleteExecutionRunner" name="runScenario" time="23.441"/>
</testsuite> <!-- execution.CompleteExecutionRunner -->
